<?xml version="1.0" encoding="UTF-8"?>
<!-- Generated by org.testng.reporters.JUnitReportReporter -->
<testsuite hostname="LAPTOP-K4M0I273" failures="0" tests="1" name="Tests.PostAPITest" time="0.950" errors="0" timestamp="2022-05-03T15:29:56 EDT" skipped="0">
  <testcase classname="Tests.PostAPITest" name="postAPITest" time="0.950"/>
  <system-out/>
</testsuite> <!-- Tests.PostAPITest -->
