<?xml version="1.0" encoding="UTF-8"?>
<!-- Generated by org.testng.reporters.JUnitReportReporter -->
<testsuite hostname="LAPTOP-K4M0I273" failures="0" tests="2" name="Test01_GET" time="4.684" errors="0" timestamp="2022-04-17T16:57:35 EDT" skipped="0">
  <testcase classname="Test01_GET" name="test_01" time="3.432"/>
  <system-out/>
  <testcase classname="Test01_GET" name="test_02" time="1.252"/>
  <system-out/>
</testsuite> <!-- Test01_GET -->
