<?xml version="1.0" encoding="UTF-8"?>
<!-- Generated by org.testng.reporters.JUnitReportReporter -->
<testsuite hostname="LAPTOP-K4M0I273" failures="0" tests="1" name="Tests.GetAPITest" time="0.573" errors="0" timestamp="2022-05-01T16:22:07 EDT" skipped="0">
  <testcase classname="Tests.GetAPITest" name="getAPITest" time="0.573"/>
  <system-out/>
</testsuite> <!-- Tests.GetAPITest -->
