<?xml version="1.0" encoding="UTF-8"?>
<!-- Generated by org.testng.reporters.JUnitReportReporter -->
<testsuite skipped="0" hostname="LAPTOP-K4M0I273" name="Tests.GetAPITest" tests="1" failures="0" timestamp="2022-05-01T16:32:33 EDT" time="1.497" errors="0">
  <testcase name="getAPITest" time="1.497" classname="Tests.GetAPITest"/>
  <system-out/>
</testsuite> <!-- Tests.GetAPITest -->
